0 info it worked if it ends with ok
1 verbose cli [ '/home/rob/.nvm/versions/node/v7.7.3/bin/node',
1 verbose cli   '/home/rob/.nvm/versions/node/v7.7.3/bin/npm',
1 verbose cli   'run',
1 verbose cli   'lint' ]
2 info using npm@4.1.2
3 info using node@v7.7.3
4 verbose run-script [ 'prelint', 'lint', 'postlint' ]
5 info lifecycle sidrilling.co.uk@1.0.0~prelint: sidrilling.co.uk@1.0.0
6 silly lifecycle sidrilling.co.uk@1.0.0~prelint: no script for prelint, continuing
7 info lifecycle sidrilling.co.uk@1.0.0~lint: sidrilling.co.uk@1.0.0
8 verbose lifecycle sidrilling.co.uk@1.0.0~lint: unsafe-perm in lifecycle true
9 verbose lifecycle sidrilling.co.uk@1.0.0~lint: PATH: /home/rob/.nvm/versions/node/v7.7.3/lib/node_modules/npm/bin/node-gyp-bin:/home/rob/web/app/sidrilling.co.uk/node_modules/.bin:/home/rob/anaconda2/bin:/home/rob/.gvm/pkgsets/go1.5.1/web/bin:/home/rob/web/go/bin:/home/rob/.gvm/pkgsets/go1.5.1/web/overlay/bin:/home/rob/.gvm/pkgsets/go1.5.1/web/bin:/home/rob/web/go/bin:/home/rob/.gvm/pkgsets/go1.5.1/global/bin:/home/rob/.gvm/gos/go1.5.1/bin:/home/rob/.gvm/pkgsets/go1.5.1/global/overlay/bin:/home/rob/.gvm/bin:/home/rob/.gvm/bin:/home/rob/.nvm/versions/node/v7.7.3/bin:/usr/local/heroku/bin:/usr/local/sbin:/usr/local/bin:/usr/sbin:/usr/bin:/sbin:/bin:/usr/games:/usr/local/games:/snap/bin:/home/rob/npm/bin:/home/rob/.gem/bin:/home/rob/scripts:/home/rob/Android/Sdk/tools:/home/rob/Android/Sdk/platform-tools
10 verbose lifecycle sidrilling.co.uk@1.0.0~lint: CWD: /home/rob/web/app/sidrilling.co.uk
11 silly lifecycle sidrilling.co.uk@1.0.0~lint: Args: [ '-c', 'eslint .' ]
12 silly lifecycle sidrilling.co.uk@1.0.0~lint: Returned: code: 1  signal: null
13 info lifecycle sidrilling.co.uk@1.0.0~lint: Failed to exec lint script
14 verbose stack Error: sidrilling.co.uk@1.0.0 lint: `eslint .`
14 verbose stack Exit status 1
14 verbose stack     at EventEmitter.<anonymous> (/home/rob/.nvm/versions/node/v7.7.3/lib/node_modules/npm/lib/utils/lifecycle.js:279:16)
14 verbose stack     at emitTwo (events.js:106:13)
14 verbose stack     at EventEmitter.emit (events.js:194:7)
14 verbose stack     at ChildProcess.<anonymous> (/home/rob/.nvm/versions/node/v7.7.3/lib/node_modules/npm/lib/utils/spawn.js:40:14)
14 verbose stack     at emitTwo (events.js:106:13)
14 verbose stack     at ChildProcess.emit (events.js:194:7)
14 verbose stack     at maybeClose (internal/child_process.js:899:16)
14 verbose stack     at Process.ChildProcess._handle.onexit (internal/child_process.js:226:5)
15 verbose pkgid sidrilling.co.uk@1.0.0
16 verbose cwd /home/rob/web/app/sidrilling.co.uk
17 error Linux 4.4.0-38-generic
18 error argv "/home/rob/.nvm/versions/node/v7.7.3/bin/node" "/home/rob/.nvm/versions/node/v7.7.3/bin/npm" "run" "lint"
19 error node v7.7.3
20 error npm  v4.1.2
21 error code ELIFECYCLE
22 error sidrilling.co.uk@1.0.0 lint: `eslint .`
22 error Exit status 1
23 error Failed at the sidrilling.co.uk@1.0.0 lint script 'eslint .'.
23 error Make sure you have the latest version of node.js and npm installed.
23 error If you do, this is most likely a problem with the sidrilling.co.uk package,
23 error not with npm itself.
23 error Tell the author that this fails on your system:
23 error     eslint .
23 error You can get information on how to open an issue for this project with:
23 error     npm bugs sidrilling.co.uk
23 error Or if that isn't available, you can get their info via:
23 error     npm owner ls sidrilling.co.uk
23 error There is likely additional logging output above.
24 verbose exit [ 1, true ]
